<?xml version="1.0" encoding="UTF-8"?>
<coverage generated="1541461663386" clover="3.2.0">
  <project timestamp="1541461663387" name="All files">
    <metrics statements="279" coveredstatements="179" conditionals="66" coveredconditionals="12" methods="40" coveredmethods="14" elements="385" coveredelements="205" complexity="0" loc="279" ncloc="279" packages="5" files="20" classes="20">
      <package name="vidly">
        <metrics statements="12" coveredstatements="12" conditionals="2" coveredconditionals="2" methods="1" coveredmethods="1"/>
        <file name="index.js" path="/home/cordeiro/projetos/node/vidly/index.js">
          <metrics statements="12" coveredstatements="12" conditionals="2" coveredconditionals="2" methods="1" coveredmethods="1"/>
          <line num="1" count="2" type="stmt"/>
          <line num="2" count="2" type="stmt"/>
          <line num="3" count="2" type="stmt"/>
          <line num="4" count="2" type="stmt"/>
          <line num="5" count="2" type="stmt"/>
          <line num="7" count="2" type="stmt"/>
          <line num="8" count="2" type="stmt"/>
          <line num="9" count="2" type="stmt"/>
          <line num="10" count="2" type="stmt"/>
          <line num="12" count="2" type="cond" truecount="2" falsecount="0"/>
          <line num="13" count="2" type="stmt"/>
          <line num="15" count="2" type="stmt"/>
        </file>
      </package>
      <package name="vidly.middleware">
        <metrics statements="22" coveredstatements="20" conditionals="8" coveredconditionals="6" methods="4" coveredmethods="3"/>
        <file name="admin.js" path="/home/cordeiro/projetos/node/vidly/middleware/admin.js">
          <metrics statements="3" coveredstatements="1" conditionals="2" coveredconditionals="0" methods="1" coveredmethods="0"/>
          <line num="1" count="2" type="stmt"/>
          <line num="2" count="0" type="cond" truecount="0" falsecount="2"/>
          <line num="3" count="0" type="stmt"/>
        </file>
        <file name="auth.js" path="/home/cordeiro/projetos/node/vidly/middleware/auth.js">
          <metrics statements="10" coveredstatements="10" conditionals="2" coveredconditionals="2" methods="1" coveredmethods="1"/>
          <line num="1" count="3" type="stmt"/>
          <line num="2" count="3" type="stmt"/>
          <line num="4" count="3" type="stmt"/>
          <line num="5" count="9" type="stmt"/>
          <line num="6" count="9" type="cond" truecount="2" falsecount="0"/>
          <line num="8" count="9" type="stmt"/>
          <line num="9" count="9" type="stmt"/>
          <line num="10" count="6" type="stmt"/>
          <line num="11" count="6" type="stmt"/>
          <line num="13" count="3" type="stmt"/>
        </file>
        <file name="error.js" path="/home/cordeiro/projetos/node/vidly/middleware/error.js">
          <metrics statements="4" coveredstatements="4" conditionals="2" coveredconditionals="2" methods="1" coveredmethods="1"/>
          <line num="1" count="2" type="stmt"/>
          <line num="3" count="2" type="stmt"/>
          <line num="4" count="2" type="cond" truecount="2" falsecount="0"/>
          <line num="7" count="2" type="stmt"/>
        </file>
        <file name="validateObjectId.js" path="/home/cordeiro/projetos/node/vidly/middleware/validateObjectId.js">
          <metrics statements="5" coveredstatements="5" conditionals="2" coveredconditionals="2" methods="1" coveredmethods="1"/>
          <line num="1" count="2" type="stmt"/>
          <line num="3" count="2" type="stmt"/>
          <line num="4" count="2" type="cond" truecount="2" falsecount="0"/>
          <line num="5" count="1" type="stmt"/>
          <line num="8" count="1" type="stmt"/>
        </file>
      </package>
      <package name="vidly.models">
        <metrics statements="44" coveredstatements="36" conditionals="0" coveredconditionals="0" methods="6" coveredmethods="2"/>
        <file name="customer.js" path="/home/cordeiro/projetos/node/vidly/models/customer.js">
          <metrics statements="7" coveredstatements="5" conditionals="0" coveredconditionals="0" methods="1" coveredmethods="0"/>
          <line num="1" count="2" type="stmt"/>
          <line num="2" count="2" type="stmt"/>
          <line num="4" count="2" type="stmt"/>
          <line num="24" count="0" type="stmt"/>
          <line num="30" count="0" type="stmt"/>
          <line num="33" count="2" type="stmt"/>
          <line num="34" count="2" type="stmt"/>
        </file>
        <file name="genre.js" path="/home/cordeiro/projetos/node/vidly/models/genre.js">
          <metrics statements="9" coveredstatements="9" conditionals="0" coveredconditionals="0" methods="1" coveredmethods="1"/>
          <line num="1" count="2" type="stmt"/>
          <line num="2" count="2" type="stmt"/>
          <line num="4" count="2" type="stmt"/>
          <line num="13" count="2" type="stmt"/>
          <line num="16" count="5" type="stmt"/>
          <line num="20" count="5" type="stmt"/>
          <line num="23" count="2" type="stmt"/>
          <line num="24" count="2" type="stmt"/>
          <line num="25" count="2" type="stmt"/>
        </file>
        <file name="movie.js" path="/home/cordeiro/projetos/node/vidly/models/movie.js">
          <metrics statements="8" coveredstatements="6" conditionals="0" coveredconditionals="0" methods="1" coveredmethods="0"/>
          <line num="1" count="2" type="stmt"/>
          <line num="2" count="2" type="stmt"/>
          <line num="3" count="2" type="stmt"/>
          <line num="5" count="2" type="stmt"/>
          <line num="32" count="0" type="stmt"/>
          <line num="39" count="0" type="stmt"/>
          <line num="42" count="2" type="stmt"/>
          <line num="43" count="2" type="stmt"/>
        </file>
        <file name="rental.js" path="/home/cordeiro/projetos/node/vidly/models/rental.js">
          <metrics statements="7" coveredstatements="5" conditionals="0" coveredconditionals="0" methods="1" coveredmethods="0"/>
          <line num="1" count="2" type="stmt"/>
          <line num="2" count="2" type="stmt"/>
          <line num="4" count="2" type="stmt"/>
          <line num="59" count="0" type="stmt"/>
          <line num="64" count="0" type="stmt"/>
          <line num="67" count="2" type="stmt"/>
          <line num="68" count="2" type="stmt"/>
        </file>
        <file name="user.js" path="/home/cordeiro/projetos/node/vidly/models/user.js">
          <metrics statements="13" coveredstatements="11" conditionals="0" coveredconditionals="0" methods="2" coveredmethods="1"/>
          <line num="1" count="4" type="stmt"/>
          <line num="2" count="4" type="stmt"/>
          <line num="3" count="4" type="stmt"/>
          <line num="4" count="4" type="stmt"/>
          <line num="6" count="4" type="stmt"/>
          <line num="29" count="4" type="stmt"/>
          <line num="30" count="10" type="stmt"/>
          <line num="31" count="10" type="stmt"/>
          <line num="34" count="4" type="stmt"/>
          <line num="37" count="0" type="stmt"/>
          <line num="43" count="0" type="stmt"/>
          <line num="46" count="4" type="stmt"/>
          <line num="47" count="4" type="stmt"/>
        </file>
      </package>
      <package name="vidly.routes">
        <metrics statements="162" coveredstatements="75" conditionals="54" coveredconditionals="3" methods="22" coveredmethods="3"/>
        <file name="auth.js" path="/home/cordeiro/projetos/node/vidly/routes/auth.js">
          <metrics statements="18" coveredstatements="8" conditionals="6" coveredconditionals="0" methods="2" coveredmethods="0"/>
          <line num="1" count="2" type="stmt"/>
          <line num="2" count="2" type="stmt"/>
          <line num="3" count="2" type="stmt"/>
          <line num="4" count="2" type="stmt"/>
          <line num="5" count="2" type="stmt"/>
          <line num="6" count="2" type="stmt"/>
          <line num="8" count="2" type="stmt"/>
          <line num="9" count="0" type="stmt"/>
          <line num="10" count="0" type="cond" truecount="0" falsecount="2"/>
          <line num="12" count="0" type="stmt"/>
          <line num="13" count="0" type="cond" truecount="0" falsecount="2"/>
          <line num="15" count="0" type="stmt"/>
          <line num="16" count="0" type="cond" truecount="0" falsecount="2"/>
          <line num="18" count="0" type="stmt"/>
          <line num="19" count="0" type="stmt"/>
          <line num="23" count="0" type="stmt"/>
          <line num="28" count="0" type="stmt"/>
          <line num="31" count="2" type="stmt"/>
        </file>
        <file name="customers.js" path="/home/cordeiro/projetos/node/vidly/routes/customers.js">
          <metrics statements="28" coveredstatements="10" conditionals="10" coveredconditionals="0" methods="5" coveredmethods="0"/>
          <line num="1" count="2" type="stmt"/>
          <line num="2" count="2" type="stmt"/>
          <line num="3" count="2" type="stmt"/>
          <line num="4" count="2" type="stmt"/>
          <line num="6" count="2" type="stmt"/>
          <line num="7" count="0" type="stmt"/>
          <line num="8" count="0" type="stmt"/>
          <line num="11" count="2" type="stmt"/>
          <line num="12" count="0" type="stmt"/>
          <line num="13" count="0" type="cond" truecount="0" falsecount="2"/>
          <line num="15" count="0" type="stmt"/>
          <line num="20" count="0" type="stmt"/>
          <line num="22" count="0" type="stmt"/>
          <line num="25" count="2" type="stmt"/>
          <line num="26" count="0" type="stmt"/>
          <line num="27" count="0" type="cond" truecount="0" falsecount="2"/>
          <line num="29" count="0" type="stmt"/>
          <line num="36" count="0" type="cond" truecount="0" falsecount="2"/>
          <line num="38" count="0" type="stmt"/>
          <line num="41" count="2" type="stmt"/>
          <line num="42" count="0" type="stmt"/>
          <line num="44" count="0" type="cond" truecount="0" falsecount="2"/>
          <line num="46" count="0" type="stmt"/>
          <line num="49" count="2" type="stmt"/>
          <line num="50" count="0" type="stmt"/>
          <line num="52" count="0" type="cond" truecount="0" falsecount="2"/>
          <line num="54" count="0" type="stmt"/>
          <line num="57" count="2" type="stmt"/>
        </file>
        <file name="genres.js" path="/home/cordeiro/projetos/node/vidly/routes/genres.js">
          <metrics statements="30" coveredstatements="22" conditionals="10" coveredconditionals="3" methods="5" coveredmethods="3"/>
          <line num="1" count="2" type="stmt"/>
          <line num="2" count="2" type="stmt"/>
          <line num="3" count="2" type="stmt"/>
          <line num="4" count="2" type="stmt"/>
          <line num="5" count="2" type="stmt"/>
          <line num="6" count="2" type="stmt"/>
          <line num="8" count="2" type="stmt"/>
          <line num="9" count="1" type="stmt"/>
          <line num="10" count="1" type="stmt"/>
          <line num="13" count="2" type="stmt"/>
          <line num="14" count="5" type="stmt"/>
          <line num="15" count="5" type="cond" truecount="2" falsecount="0"/>
          <line num="17" count="3" type="stmt"/>
          <line num="18" count="3" type="stmt"/>
          <line num="20" count="3" type="stmt"/>
          <line num="23" count="2" type="stmt"/>
          <line num="24" count="0" type="stmt"/>
          <line num="25" count="0" type="cond" truecount="0" falsecount="2"/>
          <line num="27" count="0" type="stmt"/>
          <line num="31" count="0" type="cond" truecount="0" falsecount="2"/>
          <line num="33" count="0" type="stmt"/>
          <line num="36" count="2" type="stmt"/>
          <line num="37" count="0" type="stmt"/>
          <line num="39" count="0" type="cond" truecount="0" falsecount="2"/>
          <line num="41" count="0" type="stmt"/>
          <line num="44" count="2" type="stmt"/>
          <line num="46" count="1" type="stmt"/>
          <line num="48" count="1" type="cond" truecount="1" falsecount="1"/>
          <line num="50" count="1" type="stmt"/>
          <line num="53" count="2" type="stmt"/>
        </file>
        <file name="movies.js" path="/home/cordeiro/projetos/node/vidly/routes/movies.js">
          <metrics statements="35" coveredstatements="13" conditionals="14" coveredconditionals="0" methods="5" coveredmethods="0"/>
          <line num="1" count="2" type="stmt"/>
          <line num="2" count="2" type="stmt"/>
          <line num="3" count="2" type="stmt"/>
          <line num="4" count="2" type="stmt"/>
          <line num="5" count="2" type="stmt"/>
          <line num="6" count="2" type="stmt"/>
          <line num="7" count="2" type="stmt"/>
          <line num="9" count="2" type="stmt"/>
          <line num="10" count="0" type="stmt"/>
          <line num="11" count="0" type="stmt"/>
          <line num="14" count="2" type="stmt"/>
          <line num="15" count="0" type="stmt"/>
          <line num="16" count="0" type="cond" truecount="0" falsecount="2"/>
          <line num="18" count="0" type="stmt"/>
          <line num="19" count="0" type="cond" truecount="0" falsecount="2"/>
          <line num="21" count="0" type="stmt"/>
          <line num="30" count="0" type="stmt"/>
          <line num="32" count="0" type="stmt"/>
          <line num="35" count="2" type="stmt"/>
          <line num="36" count="0" type="stmt"/>
          <line num="37" count="0" type="cond" truecount="0" falsecount="2"/>
          <line num="39" count="0" type="stmt"/>
          <line num="40" count="0" type="cond" truecount="0" falsecount="2"/>
          <line num="42" count="0" type="stmt"/>
          <line num="53" count="0" type="cond" truecount="0" falsecount="2"/>
          <line num="55" count="0" type="stmt"/>
          <line num="58" count="2" type="stmt"/>
          <line num="59" count="0" type="stmt"/>
          <line num="61" count="0" type="cond" truecount="0" falsecount="2"/>
          <line num="63" count="0" type="stmt"/>
          <line num="66" count="2" type="stmt"/>
          <line num="67" count="0" type="stmt"/>
          <line num="69" count="0" type="cond" truecount="0" falsecount="2"/>
          <line num="71" count="0" type="stmt"/>
          <line num="74" count="2" type="stmt"/>
        </file>
        <file name="rentals.js" path="/home/cordeiro/projetos/node/vidly/routes/rentals.js">
          <metrics statements="29" coveredstatements="12" conditionals="10" coveredconditionals="0" methods="3" coveredmethods="0"/>
          <line num="1" count="2" type="stmt"/>
          <line num="2" count="2" type="stmt"/>
          <line num="3" count="2" type="stmt"/>
          <line num="4" count="2" type="stmt"/>
          <line num="5" count="2" type="stmt"/>
          <line num="6" count="2" type="stmt"/>
          <line num="7" count="2" type="stmt"/>
          <line num="9" count="2" type="stmt"/>
          <line num="11" count="2" type="stmt"/>
          <line num="12" count="0" type="stmt"/>
          <line num="13" count="0" type="stmt"/>
          <line num="16" count="2" type="stmt"/>
          <line num="17" count="0" type="stmt"/>
          <line num="18" count="0" type="cond" truecount="0" falsecount="2"/>
          <line num="20" count="0" type="stmt"/>
          <line num="21" count="0" type="cond" truecount="0" falsecount="2"/>
          <line num="23" count="0" type="stmt"/>
          <line num="24" count="0" type="cond" truecount="0" falsecount="2"/>
          <line num="26" count="0" type="cond" truecount="0" falsecount="2"/>
          <line num="28" count="0" type="stmt"/>
          <line num="41" count="0" type="stmt"/>
          <line num="42" count="0" type="stmt"/>
          <line num="49" count="0" type="stmt"/>
          <line num="52" count="0" type="stmt"/>
          <line num="56" count="2" type="stmt"/>
          <line num="57" count="0" type="stmt"/>
          <line num="59" count="0" type="cond" truecount="0" falsecount="2"/>
          <line num="61" count="0" type="stmt"/>
          <line num="64" count="2" type="stmt"/>
        </file>
        <file name="users.js" path="/home/cordeiro/projetos/node/vidly/routes/users.js">
          <metrics statements="22" coveredstatements="10" conditionals="4" coveredconditionals="0" methods="2" coveredmethods="0"/>
          <line num="1" count="2" type="stmt"/>
          <line num="2" count="2" type="stmt"/>
          <line num="3" count="2" type="stmt"/>
          <line num="4" count="2" type="stmt"/>
          <line num="5" count="2" type="stmt"/>
          <line num="6" count="2" type="stmt"/>
          <line num="7" count="2" type="stmt"/>
          <line num="9" count="2" type="stmt"/>
          <line num="10" count="0" type="stmt"/>
          <line num="11" count="0" type="stmt"/>
          <line num="14" count="2" type="stmt"/>
          <line num="15" count="0" type="stmt"/>
          <line num="16" count="0" type="cond" truecount="0" falsecount="2"/>
          <line num="18" count="0" type="stmt"/>
          <line num="19" count="0" type="cond" truecount="0" falsecount="2"/>
          <line num="21" count="0" type="stmt"/>
          <line num="22" count="0" type="stmt"/>
          <line num="23" count="0" type="stmt"/>
          <line num="24" count="0" type="stmt"/>
          <line num="26" count="0" type="stmt"/>
          <line num="27" count="0" type="stmt"/>
          <line num="30" count="2" type="stmt"/>
        </file>
      </package>
      <package name="vidly.startup">
        <metrics statements="39" coveredstatements="36" conditionals="2" coveredconditionals="1" methods="7" coveredmethods="5"/>
        <file name="config.js" path="/home/cordeiro/projetos/node/vidly/startup/config.js">
          <metrics statements="4" coveredstatements="3" conditionals="2" coveredconditionals="1" methods="1" coveredmethods="1"/>
          <line num="1" count="2" type="stmt"/>
          <line num="3" count="2" type="stmt"/>
          <line num="4" count="2" type="cond" truecount="1" falsecount="1"/>
          <line num="5" count="0" type="stmt"/>
        </file>
        <file name="db.js" path="/home/cordeiro/projetos/node/vidly/startup/db.js">
          <metrics statements="8" coveredstatements="7" conditionals="0" coveredconditionals="0" methods="3" coveredmethods="2"/>
          <line num="1" count="2" type="stmt"/>
          <line num="2" count="2" type="stmt"/>
          <line num="3" count="2" type="stmt"/>
          <line num="5" count="2" type="stmt"/>
          <line num="6" count="2" type="stmt"/>
          <line num="8" count="2" type="stmt"/>
          <line num="9" count="2" type="stmt"/>
          <line num="10" count="0" type="stmt"/>
        </file>
        <file name="logging.js" path="/home/cordeiro/projetos/node/vidly/startup/logging.js">
          <metrics statements="10" coveredstatements="9" conditionals="0" coveredconditionals="0" methods="2" coveredmethods="1"/>
          <line num="1" count="2" type="stmt"/>
          <line num="2" count="2" type="stmt"/>
          <line num="3" count="2" type="stmt"/>
          <line num="5" count="2" type="stmt"/>
          <line num="6" count="2" type="stmt"/>
          <line num="11" count="2" type="stmt"/>
          <line num="12" count="0" type="stmt"/>
          <line num="15" count="2" type="stmt"/>
          <line num="16" count="2" type="stmt"/>
          <line num="17" count="2" type="stmt"/>
        </file>
        <file name="routes.js" path="/home/cordeiro/projetos/node/vidly/startup/routes.js">
          <metrics statements="17" coveredstatements="17" conditionals="0" coveredconditionals="0" methods="1" coveredmethods="1"/>
          <line num="1" count="2" type="stmt"/>
          <line num="2" count="2" type="stmt"/>
          <line num="3" count="2" type="stmt"/>
          <line num="4" count="2" type="stmt"/>
          <line num="5" count="2" type="stmt"/>
          <line num="6" count="2" type="stmt"/>
          <line num="7" count="2" type="stmt"/>
          <line num="8" count="2" type="stmt"/>
          <line num="10" count="2" type="stmt"/>
          <line num="11" count="2" type="stmt"/>
          <line num="12" count="2" type="stmt"/>
          <line num="13" count="2" type="stmt"/>
          <line num="14" count="2" type="stmt"/>
          <line num="15" count="2" type="stmt"/>
          <line num="16" count="2" type="stmt"/>
          <line num="17" count="2" type="stmt"/>
          <line num="18" count="2" type="stmt"/>
        </file>
      </package>
    </metrics>
  </project>
</coverage>
