{"/home/cordeiro/projetos/node/vidly/index.js": {"path":"/home/cordeiro/projetos/node/vidly/index.js","statementMap":{"0":{"start":{"line":1,"column":16},"end":{"line":1,"column":34}},"1":{"start":{"line":2,"column":12},"end":{"line":2,"column":26}},"2":{"start":{"line":3,"column":0},"end":{"line":3,"column":44}},"3":{"start":{"line":4,"column":16},"end":{"line":4,"column":34}},"4":{"start":{"line":5,"column":12},"end":{"line":5,"column":21}},"5":{"start":{"line":7,"column":0},"end":{"line":7,"column":31}},"6":{"start":{"line":8,"column":0},"end":{"line":8,"column":33}},"7":{"start":{"line":9,"column":0},"end":{"line":9,"column":26}},"8":{"start":{"line":10,"column":0},"end":{"line":10,"column":30}},"9":{"start":{"line":12,"column":13},"end":{"line":12,"column":37}},"10":{"start":{"line":13,"column":15},"end":{"line":13,"column":83}},"11":{"start":{"line":13,"column":38},"end":{"line":13,"column":82}},"12":{"start":{"line":15,"column":0},"end":{"line":15,"column":24}}},"fnMap":{"0":{"name":"(anonymous_0)","decl":{"start":{"line":13,"column":32},"end":{"line":13,"column":33}},"loc":{"start":{"line":13,"column":38},"end":{"line":13,"column":82}},"line":13}},"branchMap":{"0":{"loc":{"start":{"line":12,"column":13},"end":{"line":12,"column":37}},"type":"binary-expr","locations":[{"start":{"line":12,"column":13},"end":{"line":12,"column":29}},{"start":{"line":12,"column":33},"end":{"line":12,"column":37}}],"line":12}},"s":{"0":2,"1":2,"2":2,"3":2,"4":2,"5":2,"6":2,"7":2,"8":2,"9":2,"10":2,"11":2,"12":2},"f":{"0":2},"b":{"0":[2,2]},"_coverageSchema":"332fd63041d2c1bcb487cc26dd0d5f7d97098a6c","hash":"54c355e21943fd01e8bba6607928ed2e56d9567c"}
,"/home/cordeiro/projetos/node/vidly/middleware/admin.js": {"path":"/home/cordeiro/projetos/node/vidly/middleware/admin.js","statementMap":{"0":{"start":{"line":1,"column":0},"end":{"line":4,"column":1}},"1":{"start":{"line":2,"column":2},"end":{"line":2,"column":69}},"2":{"start":{"line":2,"column":24},"end":{"line":2,"column":69}},"3":{"start":{"line":3,"column":2},"end":{"line":3,"column":9}}},"fnMap":{"0":{"name":"(anonymous_0)","decl":{"start":{"line":1,"column":17},"end":{"line":1,"column":18}},"loc":{"start":{"line":1,"column":43},"end":{"line":4,"column":1}},"line":1}},"branchMap":{"0":{"loc":{"start":{"line":2,"column":2},"end":{"line":2,"column":69}},"type":"if","locations":[{"start":{"line":2,"column":2},"end":{"line":2,"column":69}},{"start":{"line":2,"column":2},"end":{"line":2,"column":69}}],"line":2}},"s":{"0":2,"1":0,"2":0,"3":0},"f":{"0":0},"b":{"0":[0,0]},"_coverageSchema":"332fd63041d2c1bcb487cc26dd0d5f7d97098a6c","hash":"3ec30120385b9ceb33e3e7943d1d9b7a5bed87c1"}
,"/home/cordeiro/projetos/node/vidly/middleware/auth.js": {"path":"/home/cordeiro/projetos/node/vidly/middleware/auth.js","statementMap":{"0":{"start":{"line":1,"column":12},"end":{"line":1,"column":35}},"1":{"start":{"line":2,"column":15},"end":{"line":2,"column":32}},"2":{"start":{"line":4,"column":0},"end":{"line":15,"column":1}},"3":{"start":{"line":5,"column":16},"end":{"line":5,"column":42}},"4":{"start":{"line":6,"column":2},"end":{"line":6,"column":71}},"5":{"start":{"line":6,"column":13},"end":{"line":6,"column":71}},"6":{"start":{"line":8,"column":2},"end":{"line":14,"column":3}},"7":{"start":{"line":9,"column":20},"end":{"line":9,"column":66}},"8":{"start":{"line":10,"column":4},"end":{"line":10,"column":23}},"9":{"start":{"line":11,"column":4},"end":{"line":11,"column":11}},"10":{"start":{"line":13,"column":4},"end":{"line":13,"column":42}}},"fnMap":{"0":{"name":"(anonymous_0)","decl":{"start":{"line":4,"column":17},"end":{"line":4,"column":18}},"loc":{"start":{"line":4,"column":43},"end":{"line":15,"column":1}},"line":4}},"branchMap":{"0":{"loc":{"start":{"line":6,"column":2},"end":{"line":6,"column":71}},"type":"if","locations":[{"start":{"line":6,"column":2},"end":{"line":6,"column":71}},{"start":{"line":6,"column":2},"end":{"line":6,"column":71}}],"line":6}},"s":{"0":3,"1":3,"2":3,"3":9,"4":9,"5":2,"6":9,"7":9,"8":6,"9":6,"10":3},"f":{"0":9},"b":{"0":[2,7]},"_coverageSchema":"332fd63041d2c1bcb487cc26dd0d5f7d97098a6c","hash":"9574006ac76d8acf001ab349f23a744d7e2a1696"}
,"/home/cordeiro/projetos/node/vidly/middleware/error.js": {"path":"/home/cordeiro/projetos/node/vidly/middleware/error.js","statementMap":{"0":{"start":{"line":1,"column":16},"end":{"line":1,"column":34}},"1":{"start":{"line":3,"column":0},"end":{"line":8,"column":1}},"2":{"start":{"line":4,"column":2},"end":{"line":4,"column":128}},"3":{"start":{"line":7,"column":2},"end":{"line":7,"column":43}}},"fnMap":{"0":{"name":"(anonymous_0)","decl":{"start":{"line":3,"column":17},"end":{"line":3,"column":18}},"loc":{"start":{"line":3,"column":47},"end":{"line":8,"column":1}},"line":3}},"branchMap":{"0":{"loc":{"start":{"line":4,"column":29},"end":{"line":4,"column":46}},"type":"binary-expr","locations":[{"start":{"line":4,"column":29},"end":{"line":4,"column":39}},{"start":{"line":4,"column":43},"end":{"line":4,"column":46}}],"line":4}},"s":{"0":2,"1":2,"2":2,"3":2},"f":{"0":2},"b":{"0":[2,2]},"_coverageSchema":"332fd63041d2c1bcb487cc26dd0d5f7d97098a6c","hash":"5f1a3a3e151227cbc65620db276db9837c8077e0"}
,"/home/cordeiro/projetos/node/vidly/middleware/validateObjectId.js": {"path":"/home/cordeiro/projetos/node/vidly/middleware/validateObjectId.js","statementMap":{"0":{"start":{"line":1,"column":17},"end":{"line":1,"column":36}},"1":{"start":{"line":3,"column":0},"end":{"line":9,"column":1}},"2":{"start":{"line":4,"column":2},"end":{"line":6,"column":3}},"3":{"start":{"line":5,"column":4},"end":{"line":5,"column":47}},"4":{"start":{"line":8,"column":2},"end":{"line":8,"column":9}}},"fnMap":{"0":{"name":"(anonymous_0)","decl":{"start":{"line":3,"column":17},"end":{"line":3,"column":18}},"loc":{"start":{"line":3,"column":42},"end":{"line":9,"column":1}},"line":3}},"branchMap":{"0":{"loc":{"start":{"line":4,"column":2},"end":{"line":6,"column":3}},"type":"if","locations":[{"start":{"line":4,"column":2},"end":{"line":6,"column":3}},{"start":{"line":4,"column":2},"end":{"line":6,"column":3}}],"line":4}},"s":{"0":2,"1":2,"2":2,"3":1,"4":1},"f":{"0":2},"b":{"0":[1,1]},"_coverageSchema":"332fd63041d2c1bcb487cc26dd0d5f7d97098a6c","hash":"06b5778c35aeb985c1f5770c78fe4560ad8989e1"}
,"/home/cordeiro/projetos/node/vidly/models/customer.js": {"path":"/home/cordeiro/projetos/node/vidly/models/customer.js","statementMap":{"0":{"start":{"line":1,"column":12},"end":{"line":1,"column":26}},"1":{"start":{"line":2,"column":17},"end":{"line":2,"column":36}},"2":{"start":{"line":4,"column":17},"end":{"line":21,"column":3}},"3":{"start":{"line":24,"column":17},"end":{"line":28,"column":3}},"4":{"start":{"line":30,"column":2},"end":{"line":30,"column":40}},"5":{"start":{"line":33,"column":0},"end":{"line":33,"column":28}},"6":{"start":{"line":34,"column":0},"end":{"line":34,"column":36}}},"fnMap":{"0":{"name":"validateCustomer","decl":{"start":{"line":23,"column":9},"end":{"line":23,"column":25}},"loc":{"start":{"line":23,"column":36},"end":{"line":31,"column":1}},"line":23}},"branchMap":{},"s":{"0":2,"1":2,"2":2,"3":0,"4":0,"5":2,"6":2},"f":{"0":0},"b":{},"_coverageSchema":"332fd63041d2c1bcb487cc26dd0d5f7d97098a6c","hash":"dfac9257464d7ba41dbeec404c72c49a6717595f"}
,"/home/cordeiro/projetos/node/vidly/models/genre.js": {"path":"/home/cordeiro/projetos/node/vidly/models/genre.js","statementMap":{"0":{"start":{"line":1,"column":12},"end":{"line":1,"column":26}},"1":{"start":{"line":2,"column":17},"end":{"line":2,"column":36}},"2":{"start":{"line":4,"column":20},"end":{"line":11,"column":2}},"3":{"start":{"line":13,"column":14},"end":{"line":13,"column":50}},"4":{"start":{"line":16,"column":17},"end":{"line":18,"column":3}},"5":{"start":{"line":20,"column":2},"end":{"line":20,"column":37}},"6":{"start":{"line":23,"column":0},"end":{"line":23,"column":34}},"7":{"start":{"line":24,"column":0},"end":{"line":24,"column":22}},"8":{"start":{"line":25,"column":0},"end":{"line":25,"column":33}}},"fnMap":{"0":{"name":"validateGenre","decl":{"start":{"line":15,"column":9},"end":{"line":15,"column":22}},"loc":{"start":{"line":15,"column":30},"end":{"line":21,"column":1}},"line":15}},"branchMap":{},"s":{"0":2,"1":2,"2":2,"3":2,"4":5,"5":5,"6":2,"7":2,"8":2},"f":{"0":5},"b":{},"_coverageSchema":"332fd63041d2c1bcb487cc26dd0d5f7d97098a6c","hash":"88e6b460793c2eb2782c45b4ce712b0665fc17ce"}
,"/home/cordeiro/projetos/node/vidly/models/movie.js": {"path":"/home/cordeiro/projetos/node/vidly/models/movie.js","statementMap":{"0":{"start":{"line":1,"column":12},"end":{"line":1,"column":26}},"1":{"start":{"line":2,"column":17},"end":{"line":2,"column":36}},"2":{"start":{"line":3,"column":22},"end":{"line":3,"column":40}},"3":{"start":{"line":5,"column":14},"end":{"line":29,"column":3}},"4":{"start":{"line":32,"column":17},"end":{"line":37,"column":3}},"5":{"start":{"line":39,"column":2},"end":{"line":39,"column":37}},"6":{"start":{"line":42,"column":0},"end":{"line":42,"column":22}},"7":{"start":{"line":43,"column":0},"end":{"line":43,"column":33}}},"fnMap":{"0":{"name":"validateMovie","decl":{"start":{"line":31,"column":9},"end":{"line":31,"column":22}},"loc":{"start":{"line":31,"column":30},"end":{"line":40,"column":1}},"line":31}},"branchMap":{},"s":{"0":2,"1":2,"2":2,"3":2,"4":0,"5":0,"6":2,"7":2},"f":{"0":0},"b":{},"_coverageSchema":"332fd63041d2c1bcb487cc26dd0d5f7d97098a6c","hash":"a94e9659228b694fd2c2d952b2e466186d204f75"}
,"/home/cordeiro/projetos/node/vidly/models/rental.js": {"path":"/home/cordeiro/projetos/node/vidly/models/rental.js","statementMap":{"0":{"start":{"line":1,"column":12},"end":{"line":1,"column":26}},"1":{"start":{"line":2,"column":17},"end":{"line":2,"column":36}},"2":{"start":{"line":4,"column":15},"end":{"line":56,"column":3}},"3":{"start":{"line":59,"column":17},"end":{"line":62,"column":3}},"4":{"start":{"line":64,"column":2},"end":{"line":64,"column":38}},"5":{"start":{"line":67,"column":0},"end":{"line":67,"column":24}},"6":{"start":{"line":68,"column":0},"end":{"line":68,"column":34}}},"fnMap":{"0":{"name":"validateRental","decl":{"start":{"line":58,"column":9},"end":{"line":58,"column":23}},"loc":{"start":{"line":58,"column":32},"end":{"line":65,"column":1}},"line":58}},"branchMap":{},"s":{"0":2,"1":2,"2":2,"3":0,"4":0,"5":2,"6":2},"f":{"0":0},"b":{},"_coverageSchema":"332fd63041d2c1bcb487cc26dd0d5f7d97098a6c","hash":"674c602131507c00bb97834a09fb60704b31c884"}
,"/home/cordeiro/projetos/node/vidly/models/user.js": {"path":"/home/cordeiro/projetos/node/vidly/models/user.js","statementMap":{"0":{"start":{"line":1,"column":12},"end":{"line":1,"column":26}},"1":{"start":{"line":2,"column":17},"end":{"line":2,"column":36}},"2":{"start":{"line":3,"column":15},"end":{"line":3,"column":32}},"3":{"start":{"line":4,"column":12},"end":{"line":4,"column":35}},"4":{"start":{"line":6,"column":19},"end":{"line":27,"column":2}},"5":{"start":{"line":29,"column":0},"end":{"line":32,"column":1}},"6":{"start":{"line":30,"column":16},"end":{"line":30,"column":93}},"7":{"start":{"line":31,"column":2},"end":{"line":31,"column":15}},"8":{"start":{"line":34,"column":13},"end":{"line":34,"column":47}},"9":{"start":{"line":37,"column":17},"end":{"line":41,"column":3}},"10":{"start":{"line":43,"column":2},"end":{"line":43,"column":36}},"11":{"start":{"line":46,"column":0},"end":{"line":46,"column":20}},"12":{"start":{"line":47,"column":0},"end":{"line":47,"column":32}}},"fnMap":{"0":{"name":"(anonymous_0)","decl":{"start":{"line":29,"column":39},"end":{"line":29,"column":40}},"loc":{"start":{"line":29,"column":50},"end":{"line":32,"column":1}},"line":29},"1":{"name":"validateUser","decl":{"start":{"line":36,"column":9},"end":{"line":36,"column":21}},"loc":{"start":{"line":36,"column":28},"end":{"line":44,"column":1}},"line":36}},"branchMap":{},"s":{"0":4,"1":4,"2":4,"3":4,"4":4,"5":4,"6":10,"7":10,"8":4,"9":0,"10":0,"11":4,"12":4},"f":{"0":10,"1":0},"b":{},"_coverageSchema":"332fd63041d2c1bcb487cc26dd0d5f7d97098a6c","hash":"b1cd65463fd2e67fcd7318176a174087b4df0e23"}
,"/home/cordeiro/projetos/node/vidly/routes/auth.js": {"path":"/home/cordeiro/projetos/node/vidly/routes/auth.js","statementMap":{"0":{"start":{"line":1,"column":15},"end":{"line":1,"column":34}},"1":{"start":{"line":2,"column":12},"end":{"line":2,"column":26}},"2":{"start":{"line":3,"column":10},"end":{"line":3,"column":27}},"3":{"start":{"line":4,"column":15},"end":{"line":4,"column":40}},"4":{"start":{"line":5,"column":16},"end":{"line":5,"column":34}},"5":{"start":{"line":6,"column":15},"end":{"line":6,"column":31}},"6":{"start":{"line":8,"column":0},"end":{"line":20,"column":3}},"7":{"start":{"line":9,"column":20},"end":{"line":9,"column":38}},"8":{"start":{"line":10,"column":2},"end":{"line":10,"column":67}},"9":{"start":{"line":10,"column":13},"end":{"line":10,"column":67}},"10":{"start":{"line":12,"column":13},"end":{"line":12,"column":58}},"11":{"start":{"line":13,"column":2},"end":{"line":13,"column":70}},"12":{"start":{"line":13,"column":13},"end":{"line":13,"column":70}},"13":{"start":{"line":15,"column":24},"end":{"line":15,"column":78}},"14":{"start":{"line":16,"column":2},"end":{"line":16,"column":79}},"15":{"start":{"line":16,"column":22},"end":{"line":16,"column":79}},"16":{"start":{"line":18,"column":16},"end":{"line":18,"column":40}},"17":{"start":{"line":19,"column":2},"end":{"line":19,"column":18}},"18":{"start":{"line":23,"column":17},"end":{"line":26,"column":3}},"19":{"start":{"line":28,"column":2},"end":{"line":28,"column":36}},"20":{"start":{"line":31,"column":0},"end":{"line":31,"column":24}}},"fnMap":{"0":{"name":"(anonymous_0)","decl":{"start":{"line":8,"column":17},"end":{"line":8,"column":18}},"loc":{"start":{"line":8,"column":37},"end":{"line":20,"column":1}},"line":8},"1":{"name":"validate","decl":{"start":{"line":22,"column":9},"end":{"line":22,"column":17}},"loc":{"start":{"line":22,"column":24},"end":{"line":29,"column":1}},"line":22}},"branchMap":{"0":{"loc":{"start":{"line":10,"column":2},"end":{"line":10,"column":67}},"type":"if","locations":[{"start":{"line":10,"column":2},"end":{"line":10,"column":67}},{"start":{"line":10,"column":2},"end":{"line":10,"column":67}}],"line":10},"1":{"loc":{"start":{"line":13,"column":2},"end":{"line":13,"column":70}},"type":"if","locations":[{"start":{"line":13,"column":2},"end":{"line":13,"column":70}},{"start":{"line":13,"column":2},"end":{"line":13,"column":70}}],"line":13},"2":{"loc":{"start":{"line":16,"column":2},"end":{"line":16,"column":79}},"type":"if","locations":[{"start":{"line":16,"column":2},"end":{"line":16,"column":79}},{"start":{"line":16,"column":2},"end":{"line":16,"column":79}}],"line":16}},"s":{"0":2,"1":2,"2":2,"3":2,"4":2,"5":2,"6":2,"7":0,"8":0,"9":0,"10":0,"11":0,"12":0,"13":0,"14":0,"15":0,"16":0,"17":0,"18":0,"19":0,"20":2},"f":{"0":0,"1":0},"b":{"0":[0,0],"1":[0,0],"2":[0,0]},"_coverageSchema":"332fd63041d2c1bcb487cc26dd0d5f7d97098a6c","hash":"dedc40735649d1d05c457de9c6eae929baebd870"}
,"/home/cordeiro/projetos/node/vidly/routes/customers.js": {"path":"/home/cordeiro/projetos/node/vidly/routes/customers.js","statementMap":{"0":{"start":{"line":1,"column":29},"end":{"line":1,"column":58}},"1":{"start":{"line":2,"column":17},"end":{"line":2,"column":36}},"2":{"start":{"line":3,"column":16},"end":{"line":3,"column":34}},"3":{"start":{"line":4,"column":15},"end":{"line":4,"column":31}},"4":{"start":{"line":6,"column":0},"end":{"line":9,"column":3}},"5":{"start":{"line":7,"column":20},"end":{"line":7,"column":54}},"6":{"start":{"line":8,"column":2},"end":{"line":8,"column":22}},"7":{"start":{"line":11,"column":0},"end":{"line":23,"column":3}},"8":{"start":{"line":12,"column":20},"end":{"line":12,"column":38}},"9":{"start":{"line":13,"column":2},"end":{"line":13,"column":67}},"10":{"start":{"line":13,"column":13},"end":{"line":13,"column":67}},"11":{"start":{"line":15,"column":17},"end":{"line":19,"column":4}},"12":{"start":{"line":20,"column":2},"end":{"line":20,"column":35}},"13":{"start":{"line":22,"column":2},"end":{"line":22,"column":21}},"14":{"start":{"line":25,"column":0},"end":{"line":39,"column":3}},"15":{"start":{"line":26,"column":20},"end":{"line":26,"column":38}},"16":{"start":{"line":27,"column":2},"end":{"line":27,"column":67}},"17":{"start":{"line":27,"column":13},"end":{"line":27,"column":67}},"18":{"start":{"line":29,"column":19},"end":{"line":34,"column":21}},"19":{"start":{"line":36,"column":2},"end":{"line":36,"column":94}},"20":{"start":{"line":36,"column":17},"end":{"line":36,"column":94}},"21":{"start":{"line":38,"column":2},"end":{"line":38,"column":21}},"22":{"start":{"line":41,"column":0},"end":{"line":47,"column":3}},"23":{"start":{"line":42,"column":19},"end":{"line":42,"column":66}},"24":{"start":{"line":44,"column":2},"end":{"line":44,"column":94}},"25":{"start":{"line":44,"column":17},"end":{"line":44,"column":94}},"26":{"start":{"line":46,"column":2},"end":{"line":46,"column":21}},"27":{"start":{"line":49,"column":0},"end":{"line":55,"column":3}},"28":{"start":{"line":50,"column":19},"end":{"line":50,"column":57}},"29":{"start":{"line":52,"column":2},"end":{"line":52,"column":94}},"30":{"start":{"line":52,"column":17},"end":{"line":52,"column":94}},"31":{"start":{"line":54,"column":2},"end":{"line":54,"column":21}},"32":{"start":{"line":57,"column":0},"end":{"line":57,"column":24}}},"fnMap":{"0":{"name":"(anonymous_0)","decl":{"start":{"line":6,"column":16},"end":{"line":6,"column":17}},"loc":{"start":{"line":6,"column":36},"end":{"line":9,"column":1}},"line":6},"1":{"name":"(anonymous_1)","decl":{"start":{"line":11,"column":17},"end":{"line":11,"column":18}},"loc":{"start":{"line":11,"column":37},"end":{"line":23,"column":1}},"line":11},"2":{"name":"(anonymous_2)","decl":{"start":{"line":25,"column":19},"end":{"line":25,"column":20}},"loc":{"start":{"line":25,"column":39},"end":{"line":39,"column":1}},"line":25},"3":{"name":"(anonymous_3)","decl":{"start":{"line":41,"column":22},"end":{"line":41,"column":23}},"loc":{"start":{"line":41,"column":42},"end":{"line":47,"column":1}},"line":41},"4":{"name":"(anonymous_4)","decl":{"start":{"line":49,"column":19},"end":{"line":49,"column":20}},"loc":{"start":{"line":49,"column":39},"end":{"line":55,"column":1}},"line":49}},"branchMap":{"0":{"loc":{"start":{"line":13,"column":2},"end":{"line":13,"column":67}},"type":"if","locations":[{"start":{"line":13,"column":2},"end":{"line":13,"column":67}},{"start":{"line":13,"column":2},"end":{"line":13,"column":67}}],"line":13},"1":{"loc":{"start":{"line":27,"column":2},"end":{"line":27,"column":67}},"type":"if","locations":[{"start":{"line":27,"column":2},"end":{"line":27,"column":67}},{"start":{"line":27,"column":2},"end":{"line":27,"column":67}}],"line":27},"2":{"loc":{"start":{"line":36,"column":2},"end":{"line":36,"column":94}},"type":"if","locations":[{"start":{"line":36,"column":2},"end":{"line":36,"column":94}},{"start":{"line":36,"column":2},"end":{"line":36,"column":94}}],"line":36},"3":{"loc":{"start":{"line":44,"column":2},"end":{"line":44,"column":94}},"type":"if","locations":[{"start":{"line":44,"column":2},"end":{"line":44,"column":94}},{"start":{"line":44,"column":2},"end":{"line":44,"column":94}}],"line":44},"4":{"loc":{"start":{"line":52,"column":2},"end":{"line":52,"column":94}},"type":"if","locations":[{"start":{"line":52,"column":2},"end":{"line":52,"column":94}},{"start":{"line":52,"column":2},"end":{"line":52,"column":94}}],"line":52}},"s":{"0":2,"1":2,"2":2,"3":2,"4":2,"5":0,"6":0,"7":2,"8":0,"9":0,"10":0,"11":0,"12":0,"13":0,"14":2,"15":0,"16":0,"17":0,"18":0,"19":0,"20":0,"21":0,"22":2,"23":0,"24":0,"25":0,"26":0,"27":2,"28":0,"29":0,"30":0,"31":0,"32":2},"f":{"0":0,"1":0,"2":0,"3":0,"4":0},"b":{"0":[0,0],"1":[0,0],"2":[0,0],"3":[0,0],"4":[0,0]},"_coverageSchema":"332fd63041d2c1bcb487cc26dd0d5f7d97098a6c","hash":"61debc98a2e8ce0ed3be640000f4184cd4803406"}
,"/home/cordeiro/projetos/node/vidly/routes/genres.js": {"path":"/home/cordeiro/projetos/node/vidly/routes/genres.js","statementMap":{"0":{"start":{"line":1,"column":25},"end":{"line":1,"column":66}},"1":{"start":{"line":2,"column":13},"end":{"line":2,"column":42}},"2":{"start":{"line":3,"column":26},"end":{"line":3,"column":52}},"3":{"start":{"line":4,"column":16},"end":{"line":4,"column":34}},"4":{"start":{"line":5,"column":15},"end":{"line":5,"column":31}},"5":{"start":{"line":6,"column":17},"end":{"line":6,"column":36}},"6":{"start":{"line":8,"column":0},"end":{"line":11,"column":3}},"7":{"start":{"line":9,"column":17},"end":{"line":9,"column":48}},"8":{"start":{"line":10,"column":2},"end":{"line":10,"column":19}},"9":{"start":{"line":13,"column":0},"end":{"line":21,"column":3}},"10":{"start":{"line":14,"column":20},"end":{"line":14,"column":38}},"11":{"start":{"line":15,"column":2},"end":{"line":15,"column":67}},"12":{"start":{"line":15,"column":13},"end":{"line":15,"column":67}},"13":{"start":{"line":17,"column":14},"end":{"line":17,"column":48}},"14":{"start":{"line":18,"column":2},"end":{"line":18,"column":29}},"15":{"start":{"line":20,"column":2},"end":{"line":20,"column":18}},"16":{"start":{"line":23,"column":0},"end":{"line":34,"column":3}},"17":{"start":{"line":24,"column":20},"end":{"line":24,"column":38}},"18":{"start":{"line":25,"column":2},"end":{"line":25,"column":67}},"19":{"start":{"line":25,"column":13},"end":{"line":25,"column":67}},"20":{"start":{"line":27,"column":16},"end":{"line":29,"column":4}},"21":{"start":{"line":31,"column":2},"end":{"line":31,"column":88}},"22":{"start":{"line":31,"column":14},"end":{"line":31,"column":88}},"23":{"start":{"line":33,"column":2},"end":{"line":33,"column":18}},"24":{"start":{"line":36,"column":0},"end":{"line":42,"column":3}},"25":{"start":{"line":37,"column":16},"end":{"line":37,"column":60}},"26":{"start":{"line":39,"column":2},"end":{"line":39,"column":88}},"27":{"start":{"line":39,"column":14},"end":{"line":39,"column":88}},"28":{"start":{"line":41,"column":2},"end":{"line":41,"column":18}},"29":{"start":{"line":44,"column":0},"end":{"line":51,"column":3}},"30":{"start":{"line":46,"column":16},"end":{"line":46,"column":51}},"31":{"start":{"line":48,"column":2},"end":{"line":48,"column":88}},"32":{"start":{"line":48,"column":14},"end":{"line":48,"column":88}},"33":{"start":{"line":50,"column":2},"end":{"line":50,"column":18}},"34":{"start":{"line":53,"column":0},"end":{"line":53,"column":24}}},"fnMap":{"0":{"name":"(anonymous_0)","decl":{"start":{"line":8,"column":16},"end":{"line":8,"column":17}},"loc":{"start":{"line":8,"column":42},"end":{"line":11,"column":1}},"line":8},"1":{"name":"(anonymous_1)","decl":{"start":{"line":13,"column":23},"end":{"line":13,"column":24}},"loc":{"start":{"line":13,"column":43},"end":{"line":21,"column":1}},"line":13},"2":{"name":"(anonymous_2)","decl":{"start":{"line":23,"column":19},"end":{"line":23,"column":20}},"loc":{"start":{"line":23,"column":39},"end":{"line":34,"column":1}},"line":23},"3":{"name":"(anonymous_3)","decl":{"start":{"line":36,"column":22},"end":{"line":36,"column":23}},"loc":{"start":{"line":36,"column":42},"end":{"line":42,"column":1}},"line":36},"4":{"name":"(anonymous_4)","decl":{"start":{"line":44,"column":37},"end":{"line":44,"column":38}},"loc":{"start":{"line":44,"column":57},"end":{"line":51,"column":1}},"line":44}},"branchMap":{"0":{"loc":{"start":{"line":15,"column":2},"end":{"line":15,"column":67}},"type":"if","locations":[{"start":{"line":15,"column":2},"end":{"line":15,"column":67}},{"start":{"line":15,"column":2},"end":{"line":15,"column":67}}],"line":15},"1":{"loc":{"start":{"line":25,"column":2},"end":{"line":25,"column":67}},"type":"if","locations":[{"start":{"line":25,"column":2},"end":{"line":25,"column":67}},{"start":{"line":25,"column":2},"end":{"line":25,"column":67}}],"line":25},"2":{"loc":{"start":{"line":31,"column":2},"end":{"line":31,"column":88}},"type":"if","locations":[{"start":{"line":31,"column":2},"end":{"line":31,"column":88}},{"start":{"line":31,"column":2},"end":{"line":31,"column":88}}],"line":31},"3":{"loc":{"start":{"line":39,"column":2},"end":{"line":39,"column":88}},"type":"if","locations":[{"start":{"line":39,"column":2},"end":{"line":39,"column":88}},{"start":{"line":39,"column":2},"end":{"line":39,"column":88}}],"line":39},"4":{"loc":{"start":{"line":48,"column":2},"end":{"line":48,"column":88}},"type":"if","locations":[{"start":{"line":48,"column":2},"end":{"line":48,"column":88}},{"start":{"line":48,"column":2},"end":{"line":48,"column":88}}],"line":48}},"s":{"0":2,"1":2,"2":2,"3":2,"4":2,"5":2,"6":2,"7":1,"8":1,"9":2,"10":5,"11":5,"12":2,"13":3,"14":3,"15":3,"16":2,"17":0,"18":0,"19":0,"20":0,"21":0,"22":0,"23":0,"24":2,"25":0,"26":0,"27":0,"28":0,"29":2,"30":1,"31":1,"32":0,"33":1,"34":2},"f":{"0":1,"1":5,"2":0,"3":0,"4":1},"b":{"0":[2,3],"1":[0,0],"2":[0,0],"3":[0,0],"4":[0,1]},"_coverageSchema":"332fd63041d2c1bcb487cc26dd0d5f7d97098a6c","hash":"24efa01202923747e990b50d6a6d5b2153d7416a"}
,"/home/cordeiro/projetos/node/vidly/routes/movies.js": {"path":"/home/cordeiro/projetos/node/vidly/routes/movies.js","statementMap":{"0":{"start":{"line":1,"column":13},"end":{"line":1,"column":42}},"1":{"start":{"line":2,"column":14},"end":{"line":2,"column":44}},"2":{"start":{"line":3,"column":26},"end":{"line":3,"column":52}},"3":{"start":{"line":4,"column":16},"end":{"line":4,"column":42}},"4":{"start":{"line":5,"column":17},"end":{"line":5,"column":36}},"5":{"start":{"line":6,"column":16},"end":{"line":6,"column":34}},"6":{"start":{"line":7,"column":15},"end":{"line":7,"column":31}},"7":{"start":{"line":9,"column":0},"end":{"line":12,"column":3}},"8":{"start":{"line":10,"column":17},"end":{"line":10,"column":48}},"9":{"start":{"line":11,"column":2},"end":{"line":11,"column":19}},"10":{"start":{"line":14,"column":0},"end":{"line":33,"column":3}},"11":{"start":{"line":15,"column":20},"end":{"line":15,"column":38}},"12":{"start":{"line":16,"column":2},"end":{"line":16,"column":67}},"13":{"start":{"line":16,"column":13},"end":{"line":16,"column":67}},"14":{"start":{"line":18,"column":16},"end":{"line":18,"column":54}},"15":{"start":{"line":19,"column":2},"end":{"line":19,"column":60}},"16":{"start":{"line":19,"column":14},"end":{"line":19,"column":60}},"17":{"start":{"line":21,"column":16},"end":{"line":29,"column":4}},"18":{"start":{"line":30,"column":2},"end":{"line":30,"column":21}},"19":{"start":{"line":32,"column":2},"end":{"line":32,"column":18}},"20":{"start":{"line":35,"column":0},"end":{"line":56,"column":3}},"21":{"start":{"line":36,"column":20},"end":{"line":36,"column":38}},"22":{"start":{"line":37,"column":2},"end":{"line":37,"column":67}},"23":{"start":{"line":37,"column":13},"end":{"line":37,"column":67}},"24":{"start":{"line":39,"column":16},"end":{"line":39,"column":54}},"25":{"start":{"line":40,"column":2},"end":{"line":40,"column":60}},"26":{"start":{"line":40,"column":14},"end":{"line":40,"column":60}},"27":{"start":{"line":42,"column":16},"end":{"line":51,"column":21}},"28":{"start":{"line":53,"column":2},"end":{"line":53,"column":88}},"29":{"start":{"line":53,"column":14},"end":{"line":53,"column":88}},"30":{"start":{"line":55,"column":2},"end":{"line":55,"column":18}},"31":{"start":{"line":58,"column":0},"end":{"line":64,"column":3}},"32":{"start":{"line":59,"column":16},"end":{"line":59,"column":60}},"33":{"start":{"line":61,"column":2},"end":{"line":61,"column":88}},"34":{"start":{"line":61,"column":14},"end":{"line":61,"column":88}},"35":{"start":{"line":63,"column":2},"end":{"line":63,"column":18}},"36":{"start":{"line":66,"column":0},"end":{"line":72,"column":3}},"37":{"start":{"line":67,"column":16},"end":{"line":67,"column":51}},"38":{"start":{"line":69,"column":2},"end":{"line":69,"column":88}},"39":{"start":{"line":69,"column":14},"end":{"line":69,"column":88}},"40":{"start":{"line":71,"column":2},"end":{"line":71,"column":18}},"41":{"start":{"line":74,"column":0},"end":{"line":74,"column":24}}},"fnMap":{"0":{"name":"(anonymous_0)","decl":{"start":{"line":9,"column":30},"end":{"line":9,"column":31}},"loc":{"start":{"line":9,"column":50},"end":{"line":12,"column":1}},"line":9},"1":{"name":"(anonymous_1)","decl":{"start":{"line":14,"column":17},"end":{"line":14,"column":18}},"loc":{"start":{"line":14,"column":37},"end":{"line":33,"column":1}},"line":14},"2":{"name":"(anonymous_2)","decl":{"start":{"line":35,"column":19},"end":{"line":35,"column":20}},"loc":{"start":{"line":35,"column":39},"end":{"line":56,"column":1}},"line":35},"3":{"name":"(anonymous_3)","decl":{"start":{"line":58,"column":22},"end":{"line":58,"column":23}},"loc":{"start":{"line":58,"column":42},"end":{"line":64,"column":1}},"line":58},"4":{"name":"(anonymous_4)","decl":{"start":{"line":66,"column":19},"end":{"line":66,"column":20}},"loc":{"start":{"line":66,"column":39},"end":{"line":72,"column":1}},"line":66}},"branchMap":{"0":{"loc":{"start":{"line":16,"column":2},"end":{"line":16,"column":67}},"type":"if","locations":[{"start":{"line":16,"column":2},"end":{"line":16,"column":67}},{"start":{"line":16,"column":2},"end":{"line":16,"column":67}}],"line":16},"1":{"loc":{"start":{"line":19,"column":2},"end":{"line":19,"column":60}},"type":"if","locations":[{"start":{"line":19,"column":2},"end":{"line":19,"column":60}},{"start":{"line":19,"column":2},"end":{"line":19,"column":60}}],"line":19},"2":{"loc":{"start":{"line":37,"column":2},"end":{"line":37,"column":67}},"type":"if","locations":[{"start":{"line":37,"column":2},"end":{"line":37,"column":67}},{"start":{"line":37,"column":2},"end":{"line":37,"column":67}}],"line":37},"3":{"loc":{"start":{"line":40,"column":2},"end":{"line":40,"column":60}},"type":"if","locations":[{"start":{"line":40,"column":2},"end":{"line":40,"column":60}},{"start":{"line":40,"column":2},"end":{"line":40,"column":60}}],"line":40},"4":{"loc":{"start":{"line":53,"column":2},"end":{"line":53,"column":88}},"type":"if","locations":[{"start":{"line":53,"column":2},"end":{"line":53,"column":88}},{"start":{"line":53,"column":2},"end":{"line":53,"column":88}}],"line":53},"5":{"loc":{"start":{"line":61,"column":2},"end":{"line":61,"column":88}},"type":"if","locations":[{"start":{"line":61,"column":2},"end":{"line":61,"column":88}},{"start":{"line":61,"column":2},"end":{"line":61,"column":88}}],"line":61},"6":{"loc":{"start":{"line":69,"column":2},"end":{"line":69,"column":88}},"type":"if","locations":[{"start":{"line":69,"column":2},"end":{"line":69,"column":88}},{"start":{"line":69,"column":2},"end":{"line":69,"column":88}}],"line":69}},"s":{"0":2,"1":2,"2":2,"3":2,"4":2,"5":2,"6":2,"7":2,"8":0,"9":0,"10":2,"11":0,"12":0,"13":0,"14":0,"15":0,"16":0,"17":0,"18":0,"19":0,"20":2,"21":0,"22":0,"23":0,"24":0,"25":0,"26":0,"27":0,"28":0,"29":0,"30":0,"31":2,"32":0,"33":0,"34":0,"35":0,"36":2,"37":0,"38":0,"39":0,"40":0,"41":2},"f":{"0":0,"1":0,"2":0,"3":0,"4":0},"b":{"0":[0,0],"1":[0,0],"2":[0,0],"3":[0,0],"4":[0,0],"5":[0,0],"6":[0,0]},"_coverageSchema":"332fd63041d2c1bcb487cc26dd0d5f7d97098a6c","hash":"a4a96fd6322d012e8d1c506787b175356633c461"}
,"/home/cordeiro/projetos/node/vidly/routes/rentals.js": {"path":"/home/cordeiro/projetos/node/vidly/routes/rentals.js","statementMap":{"0":{"start":{"line":1,"column":27},"end":{"line":1,"column":54}},"1":{"start":{"line":2,"column":16},"end":{"line":2,"column":42}},"2":{"start":{"line":3,"column":19},"end":{"line":3,"column":48}},"3":{"start":{"line":4,"column":17},"end":{"line":4,"column":36}},"4":{"start":{"line":5,"column":13},"end":{"line":5,"column":28}},"5":{"start":{"line":6,"column":16},"end":{"line":6,"column":34}},"6":{"start":{"line":7,"column":15},"end":{"line":7,"column":31}},"7":{"start":{"line":9,"column":0},"end":{"line":9,"column":20}},"8":{"start":{"line":11,"column":0},"end":{"line":14,"column":3}},"9":{"start":{"line":12,"column":18},"end":{"line":12,"column":54}},"10":{"start":{"line":13,"column":2},"end":{"line":13,"column":20}},"11":{"start":{"line":16,"column":0},"end":{"line":54,"column":3}},"12":{"start":{"line":17,"column":20},"end":{"line":17,"column":38}},"13":{"start":{"line":18,"column":2},"end":{"line":18,"column":67}},"14":{"start":{"line":18,"column":13},"end":{"line":18,"column":67}},"15":{"start":{"line":20,"column":19},"end":{"line":20,"column":63}},"16":{"start":{"line":21,"column":2},"end":{"line":21,"column":66}},"17":{"start":{"line":21,"column":17},"end":{"line":21,"column":66}},"18":{"start":{"line":23,"column":16},"end":{"line":23,"column":54}},"19":{"start":{"line":24,"column":2},"end":{"line":24,"column":60}},"20":{"start":{"line":24,"column":14},"end":{"line":24,"column":60}},"21":{"start":{"line":26,"column":2},"end":{"line":26,"column":84}},"22":{"start":{"line":26,"column":33},"end":{"line":26,"column":84}},"23":{"start":{"line":28,"column":15},"end":{"line":39,"column":4}},"24":{"start":{"line":41,"column":2},"end":{"line":53,"column":3}},"25":{"start":{"line":42,"column":4},"end":{"line":47,"column":13}},"26":{"start":{"line":49,"column":4},"end":{"line":49,"column":21}},"27":{"start":{"line":52,"column":4},"end":{"line":52,"column":46}},"28":{"start":{"line":56,"column":0},"end":{"line":62,"column":3}},"29":{"start":{"line":57,"column":17},"end":{"line":57,"column":53}},"30":{"start":{"line":59,"column":2},"end":{"line":59,"column":90}},"31":{"start":{"line":59,"column":15},"end":{"line":59,"column":90}},"32":{"start":{"line":61,"column":2},"end":{"line":61,"column":19}},"33":{"start":{"line":64,"column":0},"end":{"line":64,"column":24}}},"fnMap":{"0":{"name":"(anonymous_0)","decl":{"start":{"line":11,"column":16},"end":{"line":11,"column":17}},"loc":{"start":{"line":11,"column":36},"end":{"line":14,"column":1}},"line":11},"1":{"name":"(anonymous_1)","decl":{"start":{"line":16,"column":17},"end":{"line":16,"column":18}},"loc":{"start":{"line":16,"column":37},"end":{"line":54,"column":1}},"line":16},"2":{"name":"(anonymous_2)","decl":{"start":{"line":56,"column":19},"end":{"line":56,"column":20}},"loc":{"start":{"line":56,"column":39},"end":{"line":62,"column":1}},"line":56}},"branchMap":{"0":{"loc":{"start":{"line":18,"column":2},"end":{"line":18,"column":67}},"type":"if","locations":[{"start":{"line":18,"column":2},"end":{"line":18,"column":67}},{"start":{"line":18,"column":2},"end":{"line":18,"column":67}}],"line":18},"1":{"loc":{"start":{"line":21,"column":2},"end":{"line":21,"column":66}},"type":"if","locations":[{"start":{"line":21,"column":2},"end":{"line":21,"column":66}},{"start":{"line":21,"column":2},"end":{"line":21,"column":66}}],"line":21},"2":{"loc":{"start":{"line":24,"column":2},"end":{"line":24,"column":60}},"type":"if","locations":[{"start":{"line":24,"column":2},"end":{"line":24,"column":60}},{"start":{"line":24,"column":2},"end":{"line":24,"column":60}}],"line":24},"3":{"loc":{"start":{"line":26,"column":2},"end":{"line":26,"column":84}},"type":"if","locations":[{"start":{"line":26,"column":2},"end":{"line":26,"column":84}},{"start":{"line":26,"column":2},"end":{"line":26,"column":84}}],"line":26},"4":{"loc":{"start":{"line":59,"column":2},"end":{"line":59,"column":90}},"type":"if","locations":[{"start":{"line":59,"column":2},"end":{"line":59,"column":90}},{"start":{"line":59,"column":2},"end":{"line":59,"column":90}}],"line":59}},"s":{"0":2,"1":2,"2":2,"3":2,"4":2,"5":2,"6":2,"7":2,"8":2,"9":0,"10":0,"11":2,"12":0,"13":0,"14":0,"15":0,"16":0,"17":0,"18":0,"19":0,"20":0,"21":0,"22":0,"23":0,"24":0,"25":0,"26":0,"27":0,"28":2,"29":0,"30":0,"31":0,"32":0,"33":2},"f":{"0":0,"1":0,"2":0},"b":{"0":[0,0],"1":[0,0],"2":[0,0],"3":[0,0],"4":[0,0]},"_coverageSchema":"332fd63041d2c1bcb487cc26dd0d5f7d97098a6c","hash":"340b60904174f0871795b56864e200cce38e5f8a"}
,"/home/cordeiro/projetos/node/vidly/routes/users.js": {"path":"/home/cordeiro/projetos/node/vidly/routes/users.js","statementMap":{"0":{"start":{"line":1,"column":13},"end":{"line":1,"column":42}},"1":{"start":{"line":2,"column":15},"end":{"line":2,"column":34}},"2":{"start":{"line":3,"column":10},"end":{"line":3,"column":27}},"3":{"start":{"line":4,"column":25},"end":{"line":4,"column":50}},"4":{"start":{"line":5,"column":17},"end":{"line":5,"column":36}},"5":{"start":{"line":6,"column":16},"end":{"line":6,"column":34}},"6":{"start":{"line":7,"column":15},"end":{"line":7,"column":31}},"7":{"start":{"line":9,"column":0},"end":{"line":12,"column":3}},"8":{"start":{"line":10,"column":15},"end":{"line":10,"column":68}},"9":{"start":{"line":11,"column":2},"end":{"line":11,"column":17}},"10":{"start":{"line":14,"column":0},"end":{"line":28,"column":3}},"11":{"start":{"line":15,"column":20},"end":{"line":15,"column":38}},"12":{"start":{"line":16,"column":2},"end":{"line":16,"column":67}},"13":{"start":{"line":16,"column":13},"end":{"line":16,"column":67}},"14":{"start":{"line":18,"column":13},"end":{"line":18,"column":58}},"15":{"start":{"line":19,"column":2},"end":{"line":19,"column":66}},"16":{"start":{"line":19,"column":12},"end":{"line":19,"column":66}},"17":{"start":{"line":21,"column":2},"end":{"line":21,"column":67}},"18":{"start":{"line":22,"column":15},"end":{"line":22,"column":39}},"19":{"start":{"line":23,"column":2},"end":{"line":23,"column":57}},"20":{"start":{"line":24,"column":2},"end":{"line":24,"column":20}},"21":{"start":{"line":26,"column":16},"end":{"line":26,"column":40}},"22":{"start":{"line":27,"column":2},"end":{"line":27,"column":81}},"23":{"start":{"line":30,"column":0},"end":{"line":30,"column":24}}},"fnMap":{"0":{"name":"(anonymous_0)","decl":{"start":{"line":9,"column":24},"end":{"line":9,"column":25}},"loc":{"start":{"line":9,"column":43},"end":{"line":12,"column":1}},"line":9},"1":{"name":"(anonymous_1)","decl":{"start":{"line":14,"column":17},"end":{"line":14,"column":18}},"loc":{"start":{"line":14,"column":37},"end":{"line":28,"column":1}},"line":14}},"branchMap":{"0":{"loc":{"start":{"line":16,"column":2},"end":{"line":16,"column":67}},"type":"if","locations":[{"start":{"line":16,"column":2},"end":{"line":16,"column":67}},{"start":{"line":16,"column":2},"end":{"line":16,"column":67}}],"line":16},"1":{"loc":{"start":{"line":19,"column":2},"end":{"line":19,"column":66}},"type":"if","locations":[{"start":{"line":19,"column":2},"end":{"line":19,"column":66}},{"start":{"line":19,"column":2},"end":{"line":19,"column":66}}],"line":19}},"s":{"0":2,"1":2,"2":2,"3":2,"4":2,"5":2,"6":2,"7":2,"8":0,"9":0,"10":2,"11":0,"12":0,"13":0,"14":0,"15":0,"16":0,"17":0,"18":0,"19":0,"20":0,"21":0,"22":0,"23":2},"f":{"0":0,"1":0},"b":{"0":[0,0],"1":[0,0]},"_coverageSchema":"332fd63041d2c1bcb487cc26dd0d5f7d97098a6c","hash":"3e9449bd09f84796d3415a7a9210e63815af3563"}
,"/home/cordeiro/projetos/node/vidly/startup/config.js": {"path":"/home/cordeiro/projetos/node/vidly/startup/config.js","statementMap":{"0":{"start":{"line":1,"column":15},"end":{"line":1,"column":32}},"1":{"start":{"line":3,"column":0},"end":{"line":7,"column":1}},"2":{"start":{"line":4,"column":2},"end":{"line":6,"column":3}},"3":{"start":{"line":5,"column":4},"end":{"line":5,"column":65}}},"fnMap":{"0":{"name":"(anonymous_0)","decl":{"start":{"line":3,"column":17},"end":{"line":3,"column":18}},"loc":{"start":{"line":3,"column":28},"end":{"line":7,"column":1}},"line":3}},"branchMap":{"0":{"loc":{"start":{"line":4,"column":2},"end":{"line":6,"column":3}},"type":"if","locations":[{"start":{"line":4,"column":2},"end":{"line":6,"column":3}},{"start":{"line":4,"column":2},"end":{"line":6,"column":3}}],"line":4}},"s":{"0":2,"1":2,"2":2,"3":0},"f":{"0":2},"b":{"0":[0,2]},"_coverageSchema":"332fd63041d2c1bcb487cc26dd0d5f7d97098a6c","hash":"99c323a112c28615fe571448aeeaa0dc897705ef"}
,"/home/cordeiro/projetos/node/vidly/startup/db.js": {"path":"/home/cordeiro/projetos/node/vidly/startup/db.js","statementMap":{"0":{"start":{"line":1,"column":16},"end":{"line":1,"column":34}},"1":{"start":{"line":2,"column":17},"end":{"line":2,"column":36}},"2":{"start":{"line":3,"column":15},"end":{"line":3,"column":32}},"3":{"start":{"line":5,"column":0},"end":{"line":11,"column":1}},"4":{"start":{"line":6,"column":13},"end":{"line":6,"column":29}},"5":{"start":{"line":8,"column":2},"end":{"line":10,"column":66}},"6":{"start":{"line":9,"column":14},"end":{"line":9,"column":51}},"7":{"start":{"line":10,"column":16},"end":{"line":10,"column":64}}},"fnMap":{"0":{"name":"(anonymous_0)","decl":{"start":{"line":5,"column":17},"end":{"line":5,"column":18}},"loc":{"start":{"line":5,"column":28},"end":{"line":11,"column":1}},"line":5},"1":{"name":"(anonymous_1)","decl":{"start":{"line":9,"column":8},"end":{"line":9,"column":9}},"loc":{"start":{"line":9,"column":14},"end":{"line":9,"column":51}},"line":9},"2":{"name":"(anonymous_2)","decl":{"start":{"line":10,"column":9},"end":{"line":10,"column":10}},"loc":{"start":{"line":10,"column":16},"end":{"line":10,"column":64}},"line":10}},"branchMap":{},"s":{"0":2,"1":2,"2":2,"3":2,"4":2,"5":2,"6":2,"7":0},"f":{"0":2,"1":2,"2":0},"b":{},"_coverageSchema":"332fd63041d2c1bcb487cc26dd0d5f7d97098a6c","hash":"36d3a8d908928e8100013538d49c9317b667734c"}
,"/home/cordeiro/projetos/node/vidly/startup/logging.js": {"path":"/home/cordeiro/projetos/node/vidly/startup/logging.js","statementMap":{"0":{"start":{"line":1,"column":16},"end":{"line":1,"column":34}},"1":{"start":{"line":2,"column":0},"end":{"line":2,"column":27}},"2":{"start":{"line":3,"column":0},"end":{"line":3,"column":32}},"3":{"start":{"line":5,"column":0},"end":{"line":18,"column":1}},"4":{"start":{"line":6,"column":2},"end":{"line":9,"column":3}},"5":{"start":{"line":11,"column":2},"end":{"line":13,"column":5}},"6":{"start":{"line":12,"column":4},"end":{"line":12,"column":13}},"7":{"start":{"line":15,"column":2},"end":{"line":15,"column":48}},"8":{"start":{"line":16,"column":2},"end":{"line":16,"column":70}},"9":{"start":{"line":17,"column":2},"end":{"line":17,"column":82}}},"fnMap":{"0":{"name":"(anonymous_0)","decl":{"start":{"line":5,"column":17},"end":{"line":5,"column":18}},"loc":{"start":{"line":5,"column":28},"end":{"line":18,"column":1}},"line":5},"1":{"name":"(anonymous_1)","decl":{"start":{"line":11,"column":35},"end":{"line":11,"column":36}},"loc":{"start":{"line":11,"column":43},"end":{"line":13,"column":3}},"line":11}},"branchMap":{},"s":{"0":2,"1":2,"2":2,"3":2,"4":2,"5":2,"6":0,"7":2,"8":2,"9":2},"f":{"0":2,"1":0},"b":{},"_coverageSchema":"332fd63041d2c1bcb487cc26dd0d5f7d97098a6c","hash":"9153d1580c53a445f3375a785cd4ac2f36951c79"}
,"/home/cordeiro/projetos/node/vidly/startup/routes.js": {"path":"/home/cordeiro/projetos/node/vidly/startup/routes.js","statementMap":{"0":{"start":{"line":1,"column":16},"end":{"line":1,"column":34}},"1":{"start":{"line":2,"column":15},"end":{"line":2,"column":42}},"2":{"start":{"line":3,"column":18},"end":{"line":3,"column":48}},"3":{"start":{"line":4,"column":15},"end":{"line":4,"column":42}},"4":{"start":{"line":5,"column":16},"end":{"line":5,"column":44}},"5":{"start":{"line":6,"column":14},"end":{"line":6,"column":40}},"6":{"start":{"line":7,"column":13},"end":{"line":7,"column":38}},"7":{"start":{"line":8,"column":14},"end":{"line":8,"column":44}},"8":{"start":{"line":10,"column":0},"end":{"line":19,"column":1}},"9":{"start":{"line":11,"column":2},"end":{"line":11,"column":26}},"10":{"start":{"line":12,"column":2},"end":{"line":12,"column":33}},"11":{"start":{"line":13,"column":2},"end":{"line":13,"column":39}},"12":{"start":{"line":14,"column":2},"end":{"line":14,"column":33}},"13":{"start":{"line":15,"column":2},"end":{"line":15,"column":35}},"14":{"start":{"line":16,"column":2},"end":{"line":16,"column":31}},"15":{"start":{"line":17,"column":2},"end":{"line":17,"column":29}},"16":{"start":{"line":18,"column":2},"end":{"line":18,"column":17}}},"fnMap":{"0":{"name":"(anonymous_0)","decl":{"start":{"line":10,"column":17},"end":{"line":10,"column":18}},"loc":{"start":{"line":10,"column":31},"end":{"line":19,"column":1}},"line":10}},"branchMap":{},"s":{"0":2,"1":2,"2":2,"3":2,"4":2,"5":2,"6":2,"7":2,"8":2,"9":2,"10":2,"11":2,"12":2,"13":2,"14":2,"15":2,"16":2},"f":{"0":2},"b":{},"_coverageSchema":"332fd63041d2c1bcb487cc26dd0d5f7d97098a6c","hash":"4be308d11167d3f077be6198b2ebc3a9c49e6480"}
}
